{
  "RSpec": {
    "coverage": {
      "/home/igor/Documentos/UFF/STI/Projeto_Final_Real_Real/Projeto_Final_Real_Real/spec/features/home_spec.rb": {
        "lines": [
          null,
          1,
          null,
          1,
          1,
          1,
          null,
          1,
          null,
          1,
          1,
          null,
          1,
          null,
          1,
          1,
          null,
          1,
          1,
          null,
          1,
          1,
          1,
          null,
          1,
          null,
          null
        ]
      }
    },
    "timestamp": 1652991811
  },
  "Unknown Test Framework": {
    "coverage": {
      "/home/igor/Documentos/UFF/STI/Projeto_Final_Real_Real/Projeto_Final_Real_Real/bin/spring": {
        "lines": [
          null,
          1,
          1,
          1,
          null,
          null,
          106,
          1,
          1,
          1,
          null,
          null,
          null,
          null
        ]
      },
      "/home/igor/Documentos/UFF/STI/Projeto_Final_Real_Real/Projeto_Final_Real_Real/app/mailers/application_mailer.rb": {
        "lines": [
          0,
          0,
          0,
          0
        ],
        "branches": {
        }
      },
      "/home/igor/Documentos/UFF/STI/Projeto_Final_Real_Real/Projeto_Final_Real_Real/app/channels/application_cable/channel.rb": {
        "lines": [
          0,
          0,
          0,
          0
        ],
        "branches": {
        }
      },
      "/home/igor/Documentos/UFF/STI/Projeto_Final_Real_Real/Projeto_Final_Real_Real/app/channels/application_cable/connection.rb": {
        "lines": [
          0,
          0,
          0,
          0
        ],
        "branches": {
        }
      },
      "/home/igor/Documentos/UFF/STI/Projeto_Final_Real_Real/Projeto_Final_Real_Real/app/helpers/site/welcome_helper.rb": {
        "lines": [
          0,
          0
        ],
        "branches": {
        }
      },
      "/home/igor/Documentos/UFF/STI/Projeto_Final_Real_Real/Projeto_Final_Real_Real/app/helpers/admins_backoffice/users_index_helper.rb": {
        "lines": [
          0,
          0
        ],
        "branches": {
        }
      },
      "/home/igor/Documentos/UFF/STI/Projeto_Final_Real_Real/Projeto_Final_Real_Real/app/helpers/admins_backoffice/welcome_helper.rb": {
        "lines": [
          0,
          0
        ],
        "branches": {
        }
      },
      "/home/igor/Documentos/UFF/STI/Projeto_Final_Real_Real/Projeto_Final_Real_Real/app/helpers/users_backoffice_helper.rb": {
        "lines": [
          0,
          0
        ],
        "branches": {
        }
      },
      "/home/igor/Documentos/UFF/STI/Projeto_Final_Real_Real/Projeto_Final_Real_Real/app/helpers/admins_backoffice_helper.rb": {
        "lines": [
          0,
          0
        ],
        "branches": {
        }
      },
      "/home/igor/Documentos/UFF/STI/Projeto_Final_Real_Real/Projeto_Final_Real_Real/app/helpers/user_helper.rb": {
        "lines": [
          0,
          0
        ],
        "branches": {
        }
      },
      "/home/igor/Documentos/UFF/STI/Projeto_Final_Real_Real/Projeto_Final_Real_Real/app/helpers/caronas_helper.rb": {
        "lines": [
          0,
          0
        ],
        "branches": {
        }
      },
      "/home/igor/Documentos/UFF/STI/Projeto_Final_Real_Real/Projeto_Final_Real_Real/app/helpers/site_helper.rb": {
        "lines": [
          0,
          0
        ],
        "branches": {
        }
      },
      "/home/igor/Documentos/UFF/STI/Projeto_Final_Real_Real/Projeto_Final_Real_Real/app/helpers/points_helper.rb": {
        "lines": [
          0,
          0
        ],
        "branches": {
        }
      },
      "/home/igor/Documentos/UFF/STI/Projeto_Final_Real_Real/Projeto_Final_Real_Real/app/helpers/campus_helper.rb": {
        "lines": [
          0,
          0
        ],
        "branches": {
        }
      },
      "/home/igor/Documentos/UFF/STI/Projeto_Final_Real_Real/Projeto_Final_Real_Real/app/helpers/admin_helper.rb": {
        "lines": [
          0,
          0
        ],
        "branches": {
        }
      },
      "/home/igor/Documentos/UFF/STI/Projeto_Final_Real_Real/Projeto_Final_Real_Real/app/helpers/application_helper.rb": {
        "lines": [
          0,
          0
        ],
        "branches": {
        }
      },
      "/home/igor/Documentos/UFF/STI/Projeto_Final_Real_Real/Projeto_Final_Real_Real/app/helpers/users_backoffice/welcome_helper.rb": {
        "lines": [
          0,
          0
        ],
        "branches": {
        }
      },
      "/home/igor/Documentos/UFF/STI/Projeto_Final_Real_Real/Projeto_Final_Real_Real/app/models/application_record.rb": {
        "lines": [
          null,
          null,
          0,
          0,
          0
        ],
        "branches": {
        }
      },
      "/home/igor/Documentos/UFF/STI/Projeto_Final_Real_Real/Projeto_Final_Real_Real/app/models/teste.rb": {
        "lines": [
          0,
          0
        ],
        "branches": {
        }
      },
      "/home/igor/Documentos/UFF/STI/Projeto_Final_Real_Real/Projeto_Final_Real_Real/app/models/point.rb": {
        "lines": [
          0,
          0,
          0
        ],
        "branches": {
        }
      },
      "/home/igor/Documentos/UFF/STI/Projeto_Final_Real_Real/Projeto_Final_Real_Real/app/models/carona.rb": {
        "lines": [
          null,
          null,
          0,
          0,
          0,
          0,
          0,
          0,
          null,
          0,
          0,
          0,
          0,
          0,
          null,
          0,
          0,
          0,
          0,
          0
        ],
        "branches": {
        }
      },
      "/home/igor/Documentos/UFF/STI/Projeto_Final_Real_Real/Projeto_Final_Real_Real/app/models/campu.rb": {
        "lines": [
          0,
          0,
          0,
          0,
          0,
          0,
          0,
          0,
          0
        ],
        "branches": {
        }
      },
      "/home/igor/Documentos/UFF/STI/Projeto_Final_Real_Real/Projeto_Final_Real_Real/app/models/user.rb": {
        "lines": [
          0,
          0
        ],
        "branches": {
        }
      },
      "/home/igor/Documentos/UFF/STI/Projeto_Final_Real_Real/Projeto_Final_Real_Real/app/models/admin.rb": {
        "lines": [
          0,
          null,
          0
        ],
        "branches": {
        }
      },
      "/home/igor/Documentos/UFF/STI/Projeto_Final_Real_Real/Projeto_Final_Real_Real/app/controllers/site/welcome_controller.rb": {
        "lines": [
          null,
          null,
          0,
          0,
          0,
          0,
          0
        ],
        "branches": {
        }
      },
      "/home/igor/Documentos/UFF/STI/Projeto_Final_Real_Real/Projeto_Final_Real_Real/app/controllers/admins_backoffice/users_controller.rb": {
        "lines": [
          null,
          null,
          0,
          0,
          0,
          0,
          null,
          0,
          0,
          0,
          null,
          0,
          0,
          0,
          null,
          0,
          0,
          0,
          null,
          0,
          0,
          0,
          0,
          0,
          0,
          0,
          0,
          null,
          0,
          0,
          0,
          null,
          0,
          0,
          0,
          0,
          0,
          0,
          0,
          0,
          0,
          0,
          0,
          0,
          null,
          0,
          0,
          0,
          0,
          0,
          0,
          0,
          0,
          0,
          0,
          0,
          0,
          null,
          0,
          0,
          0,
          0,
          0,
          0,
          0,
          0,
          null,
          0,
          0,
          0,
          null,
          0,
          0,
          0,
          0,
          null,
          0,
          null,
          0,
          0,
          0,
          null,
          0,
          0,
          0,
          null,
          0,
          0,
          0,
          0,
          0
        ],
        "branches": {
        }
      },
      "/home/igor/Documentos/UFF/STI/Projeto_Final_Real_Real/Projeto_Final_Real_Real/app/controllers/admins_backoffice/admins_controller.rb": {
        "lines": [
          null,
          null,
          0,
          0,
          0,
          0,
          0,
          0,
          null,
          0,
          0,
          0,
          null,
          0,
          0,
          0,
          0,
          0,
          0,
          0,
          0,
          0,
          0,
          null,
          0,
          0,
          0,
          0,
          0,
          0,
          0,
          0,
          0,
          0,
          0,
          0,
          null,
          0,
          null,
          0,
          null,
          0,
          0,
          0,
          0,
          0,
          0,
          0,
          0,
          0,
          0,
          0,
          0,
          null,
          0,
          0,
          0,
          0,
          0,
          0,
          0,
          0,
          0,
          0,
          0,
          0,
          null,
          0,
          0,
          0,
          0,
          0,
          0,
          0,
          0,
          null,
          0,
          null,
          0,
          0,
          0,
          null,
          0,
          0,
          0,
          0,
          0
        ],
        "branches": {
        }
      },
      "/home/igor/Documentos/UFF/STI/Projeto_Final_Real_Real/Projeto_Final_Real_Real/app/controllers/admins_backoffice/campus_controller.rb": {
        "lines": [
          null,
          null,
          0,
          0,
          0,
          null,
          null,
          0,
          0,
          0,
          null,
          null,
          0,
          0,
          0,
          null,
          null,
          0,
          0,
          0,
          null,
          null,
          0,
          0,
          0,
          null,
          0,
          0,
          0,
          0,
          0,
          0,
          0,
          null,
          null,
          0,
          0,
          null,
          0,
          0,
          0,
          0,
          0,
          0,
          0,
          0,
          0,
          0,
          null,
          null,
          0,
          0,
          0,
          0,
          0,
          0,
          0,
          0,
          0,
          0,
          0,
          0,
          null,
          0,
          0,
          0,
          null,
          0,
          0,
          0,
          0,
          null,
          null,
          0,
          0,
          0,
          null,
          0,
          0,
          0,
          0,
          0,
          null,
          0,
          null,
          null,
          0,
          0,
          0,
          null,
          null,
          0,
          0,
          0,
          0,
          0
        ],
        "branches": {
        }
      },
      "/home/igor/Documentos/UFF/STI/Projeto_Final_Real_Real/Projeto_Final_Real_Real/app/controllers/admins_backoffice/welcome_controller.rb": {
        "lines": [
          null,
          null,
          0,
          0,
          0,
          0,
          0
        ],
        "branches": {
        }
      },
      "/home/igor/Documentos/UFF/STI/Projeto_Final_Real_Real/Projeto_Final_Real_Real/app/controllers/site_controller.rb": {
        "lines": [
          0,
          0,
          0
        ],
        "branches": {
        }
      },
      "/home/igor/Documentos/UFF/STI/Projeto_Final_Real_Real/Projeto_Final_Real_Real/app/controllers/admins_backoffice_controller.rb": {
        "lines": [
          null,
          null,
          0,
          0,
          0
        ],
        "branches": {
        }
      },
      "/home/igor/Documentos/UFF/STI/Projeto_Final_Real_Real/Projeto_Final_Real_Real/app/controllers/application_controller.rb": {
        "lines": [
          null,
          null,
          0,
          0,
          0,
          0
        ],
        "branches": {
        }
      },
      "/home/igor/Documentos/UFF/STI/Projeto_Final_Real_Real/Projeto_Final_Real_Real/app/controllers/users_backoffice_controller.rb": {
        "lines": [
          0,
          0,
          0
        ],
        "branches": {
        }
      },
      "/home/igor/Documentos/UFF/STI/Projeto_Final_Real_Real/Projeto_Final_Real_Real/app/controllers/users_backoffice/caronas_controller.rb": {
        "lines": [
          null,
          null,
          0,
          0,
          0,
          null,
          null,
          0,
          0,
          0,
          null,
          0,
          0,
          0,
          0,
          0,
          0,
          0,
          0,
          0,
          0,
          0,
          0,
          0,
          null,
          null,
          0,
          0,
          0,
          0,
          null,
          null,
          0,
          0,
          0,
          0,
          null,
          null,
          0,
          0,
          0,
          null,
          null,
          0,
          0,
          0,
          0,
          null,
          0,
          0,
          0,
          0,
          0,
          0,
          0,
          0,
          0,
          0,
          null,
          null,
          0,
          0,
          0,
          0,
          0,
          0,
          0,
          0,
          0,
          0,
          0,
          0,
          0,
          0,
          null,
          null,
          0,
          0,
          0,
          null,
          0,
          0,
          0,
          0,
          0,
          null,
          0,
          null,
          null,
          0,
          0,
          0,
          null,
          null,
          0,
          0,
          0,
          0,
          0,
          0,
          0
        ],
        "branches": {
        }
      },
      "/home/igor/Documentos/UFF/STI/Projeto_Final_Real_Real/Projeto_Final_Real_Real/app/controllers/users_backoffice/welcome_controller.rb": {
        "lines": [
          null,
          null,
          0,
          0,
          0,
          0,
          0
        ],
        "branches": {
        }
      },
      "/home/igor/Documentos/UFF/STI/Projeto_Final_Real_Real/Projeto_Final_Real_Real/app/controllers/users_backoffice/user_controller.rb": {
        "lines": [
          null,
          null,
          0,
          0,
          0,
          0,
          0,
          0,
          0
        ],
        "branches": {
        }
      },
      "/home/igor/Documentos/UFF/STI/Projeto_Final_Real_Real/Projeto_Final_Real_Real/app/controllers/users_backoffice/points_controller.rb": {
        "lines": [
          null,
          null,
          0,
          0,
          0,
          null,
          null,
          0,
          0,
          0,
          null,
          null,
          0,
          0,
          0,
          null,
          0,
          0,
          0,
          null,
          null,
          0,
          0,
          0,
          null,
          0,
          0,
          0,
          0,
          0,
          0,
          0,
          0,
          0,
          0,
          0,
          0,
          0,
          null,
          null,
          0,
          0,
          0,
          0,
          0,
          0,
          0,
          0,
          0,
          0,
          0,
          0,
          null,
          0,
          0,
          0,
          null,
          0,
          0,
          0,
          0,
          null,
          null,
          0,
          0,
          0,
          null,
          0,
          0,
          0,
          0,
          0,
          null,
          0,
          null,
          null,
          0,
          0,
          0,
          null,
          null,
          0,
          0,
          0,
          0,
          0
        ],
        "branches": {
        }
      },
      "/home/igor/Documentos/UFF/STI/Projeto_Final_Real_Real/Projeto_Final_Real_Real/app/jobs/application_job.rb": {
        "lines": [
          0,
          null,
          null,
          null,
          null,
          null,
          0
        ],
        "branches": {
        }
      }
    },
    "timestamp": 1652989148
  }
}
