{
  "RSpec": {
    "coverage": {
      "/home/igor/Documentos/UFF/STI/Projeto_Final_Real_Real/Projeto_Final_Real_Real/spec/helpers/campus_helper_spec.rb": {
        "lines": [
          1,
          null,
          null,
          null,
          null,
          null,
          null,
          null,
          null,
          null,
          null,
          null,
          1,
          1,
          null
        ]
      },
      "/home/igor/Documentos/UFF/STI/Projeto_Final_Real_Real/Projeto_Final_Real_Real/spec/rails_helper.rb": {
        "lines": [
          null,
          1,
          1,
          1,
          null,
          1,
          1,
          null,
          null,
          null,
          null,
          null,
          null,
          null,
          null,
          null,
          null,
          null,
          null,
          null,
          null,
          null,
          null,
          null,
          null,
          null,
          null,
          1,
          null,
          0,
          0,
          null,
          1,
          null,
          1,
          null,
          null,
          null,
          null,
          1,
          null,
          null,
          null,
          null,
          null,
          null,
          null,
          null,
          null,
          null,
          null,
          null,
          null,
          null,
          null,
          null,
          null,
          1,
          null,
          null,
          1,
          null,
          null,
          null
        ]
      },
      "/home/igor/Documentos/UFF/STI/Projeto_Final_Real_Real/Projeto_Final_Real_Real/config/environment.rb": {
        "lines": [
          null,
          1,
          null,
          null,
          1
        ]
      },
      "/home/igor/Documentos/UFF/STI/Projeto_Final_Real_Real/Projeto_Final_Real_Real/config/application.rb": {
        "lines": [
          1,
          null,
          1,
          null,
          null,
          null,
          1,
          null,
          1,
          1,
          null,
          1,
          null,
          null,
          null,
          null,
          null,
          null,
          null,
          null,
          null,
          null
        ]
      },
      "/home/igor/Documentos/UFF/STI/Projeto_Final_Real_Real/Projeto_Final_Real_Real/config/boot.rb": {
        "lines": [
          1,
          null,
          1,
          1
        ]
      },
      "/home/igor/Documentos/UFF/STI/Projeto_Final_Real_Real/Projeto_Final_Real_Real/config/environments/test.rb": {
        "lines": [
          1,
          null,
          null,
          null,
          null,
          null,
          null,
          1,
          null,
          null,
          1,
          1,
          null,
          null,
          null,
          null,
          1,
          null,
          null,
          1,
          1,
          null,
          null,
          null,
          null,
          1,
          1,
          1,
          null,
          null,
          1,
          null,
          null,
          1,
          null,
          null,
          1,
          null,
          1,
          null,
          null,
          null,
          null,
          1,
          null,
          null,
          1,
          null,
          null,
          1,
          null,
          null,
          1,
          null,
          null,
          null,
          null,
          null,
          null,
          null
        ]
      },
      "/home/igor/Documentos/UFF/STI/Projeto_Final_Real_Real/Projeto_Final_Real_Real/config/initializers/application_controller_renderer.rb": {
        "lines": [
          null,
          null,
          null,
          null,
          null,
          null,
          null,
          null
        ]
      },
      "/home/igor/Documentos/UFF/STI/Projeto_Final_Real_Real/Projeto_Final_Real_Real/config/initializers/assets.rb": {
        "lines": [
          null,
          null,
          null,
          1,
          null,
          null,
          null,
          null,
          1,
          null,
          null,
          null,
          null,
          null
        ]
      },
      "/home/igor/Documentos/UFF/STI/Projeto_Final_Real_Real/Projeto_Final_Real_Real/config/initializers/backtrace_silencers.rb": {
        "lines": [
          null,
          null,
          null,
          null,
          null,
          null,
          null,
          1
        ]
      },
      "/home/igor/Documentos/UFF/STI/Projeto_Final_Real_Real/Projeto_Final_Real_Real/config/initializers/content_security_policy.rb": {
        "lines": [
          null,
          null,
          null,
          null,
          null,
          null,
          null,
          null,
          null,
          null,
          null,
          null,
          null,
          null,
          null,
          null,
          null,
          null,
          null,
          null,
          null,
          null,
          null,
          null,
          null,
          null,
          null,
          null,
          null,
          null
        ]
      },
      "/home/igor/Documentos/UFF/STI/Projeto_Final_Real_Real/Projeto_Final_Real_Real/config/initializers/cookies_serializer.rb": {
        "lines": [
          null,
          null,
          null,
          null,
          1
        ]
      },
      "/home/igor/Documentos/UFF/STI/Projeto_Final_Real_Real/Projeto_Final_Real_Real/config/initializers/filter_parameter_logging.rb": {
        "lines": [
          null,
          null,
          null,
          1,
          null,
          null
        ]
      },
      "/home/igor/Documentos/UFF/STI/Projeto_Final_Real_Real/Projeto_Final_Real_Real/config/initializers/inflections.rb": {
        "lines": [
          null,
          null,
          null,
          null,
          null,
          null,
          null,
          null,
          null,
          null,
          null,
          null,
          null,
          null,
          null,
          null
        ]
      },
      "/home/igor/Documentos/UFF/STI/Projeto_Final_Real_Real/Projeto_Final_Real_Real/config/initializers/mime_types.rb": {
        "lines": [
          null,
          null,
          null,
          null
        ]
      },
      "/home/igor/Documentos/UFF/STI/Projeto_Final_Real_Real/Projeto_Final_Real_Real/config/initializers/permissions_policy.rb": {
        "lines": [
          null,
          null,
          null,
          null,
          null,
          null,
          null,
          null,
          null,
          null,
          null
        ]
      },
      "/home/igor/Documentos/UFF/STI/Projeto_Final_Real_Real/Projeto_Final_Real_Real/config/initializers/wrap_parameters.rb": {
        "lines": [
          null,
          null,
          null,
          null,
          null,
          null,
          1,
          2,
          null,
          null,
          null,
          null,
          null,
          null
        ]
      },
      "/home/igor/Documentos/UFF/STI/Projeto_Final_Real_Real/Projeto_Final_Real_Real/config/routes.rb": {
        "lines": [
          1,
          1,
          1,
          1,
          null,
          null
        ]
      },
      "/home/igor/Documentos/UFF/STI/Projeto_Final_Real_Real/Projeto_Final_Real_Real/app/helpers/application_helper.rb": {
        "lines": [
          1,
          null
        ]
      },
      "/home/igor/Documentos/UFF/STI/Projeto_Final_Real_Real/Projeto_Final_Real_Real/app/helpers/campus_helper.rb": {
        "lines": [
          1,
          null
        ]
      },
      "/home/igor/Documentos/UFF/STI/Projeto_Final_Real_Real/Projeto_Final_Real_Real/app/helpers/caronas_helper.rb": {
        "lines": [
          1,
          null
        ]
      },
      "/home/igor/Documentos/UFF/STI/Projeto_Final_Real_Real/Projeto_Final_Real_Real/app/helpers/users_helper.rb": {
        "lines": [
          1,
          null
        ]
      },
      "/home/igor/Documentos/UFF/STI/Projeto_Final_Real_Real/Projeto_Final_Real_Real/app/helpers/welcome_helper.rb": {
        "lines": [
          1,
          null
        ]
      },
      "/home/igor/Documentos/UFF/STI/Projeto_Final_Real_Real/Projeto_Final_Real_Real/spec/helpers/caronas_helper_spec.rb": {
        "lines": [
          1,
          null,
          null,
          null,
          null,
          null,
          null,
          null,
          null,
          null,
          null,
          null,
          1,
          1,
          null
        ]
      },
      "/home/igor/Documentos/UFF/STI/Projeto_Final_Real_Real/Projeto_Final_Real_Real/spec/helpers/users_helper_spec.rb": {
        "lines": [
          1,
          null,
          null,
          null,
          null,
          null,
          null,
          null,
          null,
          null,
          null,
          null,
          1,
          1,
          null
        ]
      },
      "/home/igor/Documentos/UFF/STI/Projeto_Final_Real_Real/Projeto_Final_Real_Real/spec/helpers/welcome_helper_spec.rb": {
        "lines": [
          1,
          null,
          null,
          null,
          null,
          null,
          null,
          null,
          null,
          null,
          null,
          null,
          1,
          1,
          null
        ]
      },
      "/home/igor/Documentos/UFF/STI/Projeto_Final_Real_Real/Projeto_Final_Real_Real/spec/models/admin_spec.rb": {
        "lines": [
          1,
          null,
          1,
          1,
          null
        ]
      },
      "/home/igor/Documentos/UFF/STI/Projeto_Final_Real_Real/Projeto_Final_Real_Real/app/models/admin.rb": {
        "lines": [
          1,
          1,
          null,
          null
        ]
      },
      "/home/igor/Documentos/UFF/STI/Projeto_Final_Real_Real/Projeto_Final_Real_Real/app/models/application_record.rb": {
        "lines": [
          1,
          1,
          null
        ]
      },
      "/home/igor/Documentos/UFF/STI/Projeto_Final_Real_Real/Projeto_Final_Real_Real/spec/models/campu_spec.rb": {
        "lines": [
          1,
          null,
          1,
          1,
          null
        ]
      },
      "/home/igor/Documentos/UFF/STI/Projeto_Final_Real_Real/Projeto_Final_Real_Real/app/models/campu.rb": {
        "lines": [
          1,
          null
        ]
      },
      "/home/igor/Documentos/UFF/STI/Projeto_Final_Real_Real/Projeto_Final_Real_Real/spec/models/carona_spec.rb": {
        "lines": [
          1,
          null,
          1,
          1,
          null
        ]
      },
      "/home/igor/Documentos/UFF/STI/Projeto_Final_Real_Real/Projeto_Final_Real_Real/app/models/carona.rb": {
        "lines": [
          1,
          1,
          1,
          null
        ]
      },
      "/home/igor/Documentos/UFF/STI/Projeto_Final_Real_Real/Projeto_Final_Real_Real/spec/models/point_spec.rb": {
        "lines": [
          1,
          null,
          1,
          1,
          null
        ]
      },
      "/home/igor/Documentos/UFF/STI/Projeto_Final_Real_Real/Projeto_Final_Real_Real/app/models/point.rb": {
        "lines": [
          1,
          1,
          null
        ]
      },
      "/home/igor/Documentos/UFF/STI/Projeto_Final_Real_Real/Projeto_Final_Real_Real/spec/models/user_spec.rb": {
        "lines": [
          1,
          null,
          1,
          1,
          null
        ]
      },
      "/home/igor/Documentos/UFF/STI/Projeto_Final_Real_Real/Projeto_Final_Real_Real/app/models/user.rb": {
        "lines": [
          1,
          1,
          1,
          1,
          1,
          null
        ]
      },
      "/home/igor/Documentos/UFF/STI/Projeto_Final_Real_Real/Projeto_Final_Real_Real/spec/requests/campus_spec.rb": {
        "lines": [
          1,
          null,
          null,
          null,
          null,
          null,
          null,
          null,
          null,
          null,
          null,
          null,
          null,
          null,
          1,
          null,
          null,
          null,
          1,
          10,
          null,
          null,
          1,
          2,
          null,
          null,
          1,
          1,
          1,
          0,
          0,
          null,
          null,
          null,
          1,
          1,
          1,
          0,
          0,
          null,
          null,
          null,
          1,
          1,
          1,
          1,
          null,
          null,
          null,
          1,
          1,
          1,
          0,
          0,
          null,
          null,
          null,
          1,
          1,
          1,
          1,
          1,
          null,
          null,
          null,
          1,
          1,
          0,
          null,
          null,
          null,
          1,
          1,
          1,
          1,
          null,
          null,
          null,
          1,
          1,
          0,
          null,
          null,
          null,
          null,
          1,
          1,
          1,
          0,
          null,
          null,
          1,
          1,
          0,
          0,
          0,
          null,
          null,
          1,
          1,
          0,
          0,
          0,
          null,
          null,
          null,
          1,
          1,
          1,
          0,
          0,
          null,
          null,
          null,
          null,
          1,
          1,
          1,
          0,
          0,
          null,
          null,
          null,
          1,
          1,
          0,
          0,
          null,
          null,
          null
        ]
      },
      "/home/igor/Documentos/UFF/STI/Projeto_Final_Real_Real/Projeto_Final_Real_Real/spec/requests/caronas_spec.rb": {
        "lines": [
          1,
          null,
          null,
          null,
          null,
          null,
          null,
          null,
          null,
          null,
          null,
          null,
          null,
          null,
          1,
          null,
          null,
          null,
          1,
          10,
          null,
          null,
          1,
          2,
          null,
          null,
          1,
          1,
          1,
          0,
          0,
          null,
          null,
          null,
          1,
          1,
          1,
          0,
          0,
          null,
          null,
          null,
          1,
          1,
          1,
          1,
          null,
          null,
          null,
          1,
          1,
          1,
          0,
          0,
          null,
          null,
          null,
          1,
          1,
          1,
          1,
          1,
          null,
          null,
          null,
          1,
          1,
          0,
          null,
          null,
          null,
          1,
          1,
          1,
          1,
          null,
          null,
          null,
          1,
          1,
          0,
          null,
          null,
          null,
          null,
          1,
          1,
          1,
          0,
          null,
          null,
          1,
          1,
          0,
          0,
          0,
          null,
          null,
          1,
          1,
          0,
          0,
          0,
          null,
          null,
          null,
          1,
          1,
          1,
          0,
          0,
          null,
          null,
          null,
          null,
          1,
          1,
          1,
          0,
          0,
          null,
          null,
          null,
          1,
          1,
          0,
          0,
          null,
          null,
          null
        ]
      },
      "/home/igor/Documentos/UFF/STI/Projeto_Final_Real_Real/Projeto_Final_Real_Real/spec/requests/users_spec.rb": {
        "lines": [
          1,
          null,
          null,
          null,
          null,
          null,
          null,
          null,
          null,
          null,
          null,
          null,
          null,
          null,
          1,
          null,
          null,
          null,
          1,
          10,
          null,
          null,
          1,
          2,
          null,
          null,
          1,
          1,
          1,
          0,
          0,
          null,
          null,
          null,
          1,
          1,
          1,
          0,
          0,
          null,
          null,
          null,
          1,
          1,
          1,
          1,
          null,
          null,
          null,
          1,
          1,
          1,
          0,
          0,
          null,
          null,
          null,
          1,
          1,
          1,
          1,
          1,
          null,
          null,
          null,
          1,
          1,
          0,
          null,
          null,
          null,
          1,
          1,
          1,
          1,
          null,
          null,
          null,
          1,
          1,
          0,
          null,
          null,
          null,
          null,
          1,
          1,
          1,
          0,
          null,
          null,
          1,
          1,
          0,
          0,
          0,
          null,
          null,
          1,
          1,
          0,
          0,
          0,
          null,
          null,
          null,
          1,
          1,
          1,
          0,
          0,
          null,
          null,
          null,
          null,
          1,
          1,
          1,
          0,
          0,
          null,
          null,
          null,
          1,
          1,
          0,
          0,
          null,
          null,
          null
        ]
      },
      "/home/igor/Documentos/UFF/STI/Projeto_Final_Real_Real/Projeto_Final_Real_Real/spec/requests/welcome_spec.rb": {
        "lines": [
          1,
          null,
          1,
          1,
          1,
          null,
          null
        ]
      },
      "/home/igor/Documentos/UFF/STI/Projeto_Final_Real_Real/Projeto_Final_Real_Real/spec/routing/campus_routing_spec.rb": {
        "lines": [
          1,
          null,
          1,
          1,
          1,
          1,
          null,
          null,
          1,
          1,
          null,
          null,
          1,
          1,
          null,
          null,
          1,
          1,
          null,
          null,
          null,
          1,
          1,
          null,
          null,
          1,
          1,
          null,
          null,
          1,
          1,
          null,
          null,
          1,
          1,
          null,
          null,
          null
        ]
      },
      "/home/igor/Documentos/UFF/STI/Projeto_Final_Real_Real/Projeto_Final_Real_Real/app/controllers/campus_controller.rb": {
        "lines": [
          1,
          1,
          null,
          null,
          1,
          0,
          null,
          null,
          null,
          1,
          null,
          null,
          null,
          1,
          1,
          null,
          null,
          null,
          1,
          null,
          null,
          null,
          1,
          0,
          null,
          0,
          0,
          0,
          0,
          null,
          0,
          0,
          null,
          null,
          null,
          null,
          null,
          1,
          0,
          0,
          0,
          0,
          null,
          0,
          0,
          null,
          null,
          null,
          null,
          null,
          1,
          0,
          null,
          0,
          0,
          0,
          null,
          null,
          null,
          1,
          null,
          1,
          0,
          null,
          null,
          null,
          1,
          0,
          null,
          null
        ]
      },
      "/home/igor/Documentos/UFF/STI/Projeto_Final_Real_Real/Projeto_Final_Real_Real/app/controllers/application_controller.rb": {
        "lines": [
          1,
          null
        ]
      },
      "/home/igor/Documentos/UFF/STI/Projeto_Final_Real_Real/Projeto_Final_Real_Real/spec/routing/caronas_routing_spec.rb": {
        "lines": [
          1,
          null,
          1,
          1,
          1,
          1,
          null,
          null,
          1,
          1,
          null,
          null,
          1,
          1,
          null,
          null,
          1,
          1,
          null,
          null,
          null,
          1,
          1,
          null,
          null,
          1,
          1,
          null,
          null,
          1,
          1,
          null,
          null,
          1,
          1,
          null,
          null,
          null
        ]
      },
      "/home/igor/Documentos/UFF/STI/Projeto_Final_Real_Real/Projeto_Final_Real_Real/app/controllers/caronas_controller.rb": {
        "lines": [
          1,
          1,
          null,
          null,
          1,
          0,
          null,
          null,
          null,
          1,
          null,
          null,
          null,
          1,
          1,
          null,
          null,
          null,
          1,
          null,
          null,
          null,
          1,
          0,
          null,
          0,
          0,
          0,
          0,
          null,
          0,
          0,
          null,
          null,
          null,
          null,
          null,
          1,
          0,
          0,
          0,
          0,
          null,
          0,
          0,
          null,
          null,
          null,
          null,
          null,
          1,
          0,
          null,
          0,
          0,
          0,
          null,
          null,
          null,
          1,
          null,
          1,
          0,
          null,
          null,
          null,
          1,
          0,
          null,
          null
        ]
      },
      "/home/igor/Documentos/UFF/STI/Projeto_Final_Real_Real/Projeto_Final_Real_Real/spec/routing/users_routing_spec.rb": {
        "lines": [
          1,
          null,
          1,
          1,
          1,
          1,
          null,
          null,
          1,
          1,
          null,
          null,
          1,
          1,
          null,
          null,
          1,
          1,
          null,
          null,
          null,
          1,
          1,
          null,
          null,
          1,
          1,
          null,
          null,
          1,
          1,
          null,
          null,
          1,
          1,
          null,
          null,
          null
        ]
      },
      "/home/igor/Documentos/UFF/STI/Projeto_Final_Real_Real/Projeto_Final_Real_Real/app/controllers/users_controller.rb": {
        "lines": [
          1,
          1,
          null,
          null,
          1,
          0,
          null,
          null,
          null,
          1,
          null,
          null,
          null,
          1,
          1,
          null,
          null,
          null,
          1,
          null,
          null,
          null,
          1,
          0,
          null,
          0,
          0,
          0,
          0,
          null,
          0,
          0,
          null,
          null,
          null,
          null,
          null,
          1,
          0,
          0,
          0,
          0,
          null,
          0,
          0,
          null,
          null,
          null,
          null,
          null,
          1,
          0,
          null,
          0,
          0,
          0,
          null,
          null,
          null,
          1,
          null,
          1,
          0,
          null,
          null,
          null,
          1,
          0,
          null,
          null
        ]
      },
      "/home/igor/Documentos/UFF/STI/Projeto_Final_Real_Real/Projeto_Final_Real_Real/spec/views/campus/edit.html.erb_spec.rb": {
        "lines": [
          1,
          null,
          1,
          1,
          1,
          null,
          null,
          null,
          null,
          null,
          null,
          null,
          null,
          null,
          1,
          1,
          null,
          1,
          null,
          1,
          null,
          1,
          null,
          1,
          null,
          1,
          null,
          1,
          null,
          1,
          null,
          null,
          null
        ]
      },
      "/home/igor/Documentos/UFF/STI/Projeto_Final_Real_Real/Projeto_Final_Real_Real/spec/views/campus/index.html.erb_spec.rb": {
        "lines": [
          1,
          null,
          1,
          1,
          1,
          null,
          null,
          null,
          null,
          null,
          null,
          null,
          null,
          null,
          null,
          null,
          null,
          null,
          null,
          null,
          null,
          null,
          null,
          null,
          1,
          1,
          1,
          1,
          1,
          1,
          1,
          1,
          null,
          null
        ]
      },
      "/home/igor/Documentos/UFF/STI/Projeto_Final_Real_Real/Projeto_Final_Real_Real/spec/views/campus/new.html.erb_spec.rb": {
        "lines": [
          1,
          1,
          null,
          1,
          1,
          1,
          null,
          null,
          null,
          null,
          null,
          null,
          null,
          null,
          null,
          1,
          0,
          null,
          0,
          null,
          0,
          null,
          0,
          null,
          0,
          null,
          0,
          null,
          0,
          null,
          0,
          null,
          null,
          null
        ]
      },
      "/home/igor/Documentos/UFF/STI/Projeto_Final_Real_Real/Projeto_Final_Real_Real/spec/views/campus/show.html.erb_spec.rb": {
        "lines": [
          1,
          null,
          1,
          1,
          1,
          null,
          null,
          null,
          null,
          null,
          null,
          null,
          null,
          null,
          1,
          1,
          1,
          1,
          1,
          1,
          1,
          1,
          null,
          null
        ]
      },
      "/home/igor/Documentos/UFF/STI/Projeto_Final_Real_Real/Projeto_Final_Real_Real/spec/views/caronas/edit.html.erb_spec.rb": {
        "lines": [
          1,
          null,
          1,
          1,
          1,
          null,
          null,
          null,
          null,
          null,
          null,
          null,
          1,
          0,
          null,
          0,
          null,
          0,
          null,
          0,
          null,
          0,
          null,
          0,
          null,
          null,
          null
        ]
      },
      "/home/igor/Documentos/UFF/STI/Projeto_Final_Real_Real/Projeto_Final_Real_Real/spec/views/caronas/index.html.erb_spec.rb": {
        "lines": [
          1,
          null,
          1,
          1,
          1,
          null,
          null,
          null,
          null,
          null,
          null,
          null,
          null,
          null,
          null,
          null,
          null,
          null,
          null,
          null,
          1,
          0,
          0,
          0,
          0,
          0,
          null,
          null
        ]
      },
      "/home/igor/Documentos/UFF/STI/Projeto_Final_Real_Real/Projeto_Final_Real_Real/spec/views/caronas/new.html.erb_spec.rb": {
        "lines": [
          1,
          null,
          1,
          1,
          1,
          null,
          null,
          null,
          null,
          null,
          null,
          null,
          1,
          1,
          null,
          1,
          null,
          1,
          null,
          1,
          null,
          1,
          null,
          1,
          null,
          null,
          null
        ]
      },
      "/home/igor/Documentos/UFF/STI/Projeto_Final_Real_Real/Projeto_Final_Real_Real/spec/views/caronas/show.html.erb_spec.rb": {
        "lines": [
          1,
          null,
          1,
          1,
          1,
          null,
          null,
          null,
          null,
          null,
          null,
          null,
          1,
          0,
          0,
          0,
          0,
          0,
          null,
          null
        ]
      },
      "/home/igor/Documentos/UFF/STI/Projeto_Final_Real_Real/Projeto_Final_Real_Real/spec/views/users/edit.html.erb_spec.rb": {
        "lines": [
          1,
          null,
          1,
          1,
          1,
          null,
          null,
          null,
          null,
          null,
          1,
          0,
          null,
          0,
          null,
          0,
          null,
          0,
          null,
          null,
          null
        ]
      },
      "/home/igor/Documentos/UFF/STI/Projeto_Final_Real_Real/Projeto_Final_Real_Real/spec/views/users/index.html.erb_spec.rb": {
        "lines": [
          1,
          null,
          1,
          1,
          1,
          null,
          null,
          null,
          null,
          null,
          null,
          null,
          null,
          null,
          null,
          null,
          1,
          0,
          0,
          0,
          null,
          null
        ]
      },
      "/home/igor/Documentos/UFF/STI/Projeto_Final_Real_Real/Projeto_Final_Real_Real/spec/views/users/new.html.erb_spec.rb": {
        "lines": [
          1,
          null,
          1,
          1,
          1,
          null,
          null,
          null,
          null,
          null,
          1,
          1,
          null,
          1,
          null,
          1,
          null,
          1,
          null,
          null,
          null
        ]
      },
      "/home/igor/Documentos/UFF/STI/Projeto_Final_Real_Real/Projeto_Final_Real_Real/spec/views/users/show.html.erb_spec.rb": {
        "lines": [
          1,
          null,
          1,
          1,
          1,
          null,
          null,
          null,
          null,
          null,
          1,
          0,
          0,
          0,
          null,
          null
        ]
      }
    },
    "timestamp": 1651609707
  },
  "Unknown Test Framework": {
    "coverage": {
      "/home/igor/Documentos/UFF/STI/Projeto_Final_Real_Real/Projeto_Final_Real_Real/bin/spring": {
        "lines": [
          null,
          1,
          1,
          1,
          null,
          null,
          78,
          1,
          1,
          1,
          null,
          null,
          null,
          null
        ]
      },
      "/home/igor/Documentos/UFF/STI/Projeto_Final_Real_Real/Projeto_Final_Real_Real/app/mailers/application_mailer.rb": {
        "lines": [
          0,
          0,
          0,
          0
        ],
        "branches": {
        }
      },
      "/home/igor/Documentos/UFF/STI/Projeto_Final_Real_Real/Projeto_Final_Real_Real/app/channels/application_cable/channel.rb": {
        "lines": [
          0,
          0,
          0,
          0
        ],
        "branches": {
        }
      },
      "/home/igor/Documentos/UFF/STI/Projeto_Final_Real_Real/Projeto_Final_Real_Real/app/channels/application_cable/connection.rb": {
        "lines": [
          0,
          0,
          0,
          0
        ],
        "branches": {
        }
      },
      "/home/igor/Documentos/UFF/STI/Projeto_Final_Real_Real/Projeto_Final_Real_Real/app/helpers/caronas_helper.rb": {
        "lines": [
          0,
          0
        ],
        "branches": {
        }
      },
      "/home/igor/Documentos/UFF/STI/Projeto_Final_Real_Real/Projeto_Final_Real_Real/app/helpers/campus_helper.rb": {
        "lines": [
          0,
          0
        ],
        "branches": {
        }
      },
      "/home/igor/Documentos/UFF/STI/Projeto_Final_Real_Real/Projeto_Final_Real_Real/app/helpers/welcome_helper.rb": {
        "lines": [
          0,
          0
        ],
        "branches": {
        }
      },
      "/home/igor/Documentos/UFF/STI/Projeto_Final_Real_Real/Projeto_Final_Real_Real/app/helpers/application_helper.rb": {
        "lines": [
          0,
          0
        ],
        "branches": {
        }
      },
      "/home/igor/Documentos/UFF/STI/Projeto_Final_Real_Real/Projeto_Final_Real_Real/app/helpers/users_helper.rb": {
        "lines": [
          0,
          0
        ],
        "branches": {
        }
      },
      "/home/igor/Documentos/UFF/STI/Projeto_Final_Real_Real/Projeto_Final_Real_Real/app/models/application_record.rb": {
        "lines": [
          0,
          0,
          0
        ],
        "branches": {
        }
      },
      "/home/igor/Documentos/UFF/STI/Projeto_Final_Real_Real/Projeto_Final_Real_Real/app/models/point.rb": {
        "lines": [
          0,
          0,
          0
        ],
        "branches": {
        }
      },
      "/home/igor/Documentos/UFF/STI/Projeto_Final_Real_Real/Projeto_Final_Real_Real/app/models/carona.rb": {
        "lines": [
          0,
          0
        ],
        "branches": {
        }
      },
      "/home/igor/Documentos/UFF/STI/Projeto_Final_Real_Real/Projeto_Final_Real_Real/app/models/campu.rb": {
        "lines": [
          0,
          0
        ],
        "branches": {
        }
      },
      "/home/igor/Documentos/UFF/STI/Projeto_Final_Real_Real/Projeto_Final_Real_Real/app/models/user.rb": {
        "lines": [
          0,
          0
        ],
        "branches": {
        }
      },
      "/home/igor/Documentos/UFF/STI/Projeto_Final_Real_Real/Projeto_Final_Real_Real/app/models/admin.rb": {
        "lines": [
          0,
          0
        ],
        "branches": {
        }
      },
      "/home/igor/Documentos/UFF/STI/Projeto_Final_Real_Real/Projeto_Final_Real_Real/app/controllers/caronas_controller.rb": {
        "lines": [
          0,
          0,
          null,
          null,
          0,
          0,
          0,
          null,
          null,
          0,
          0,
          null,
          null,
          0,
          0,
          0,
          null,
          null,
          0,
          0,
          null,
          null,
          0,
          0,
          null,
          0,
          0,
          0,
          0,
          0,
          0,
          0,
          0,
          0,
          0,
          null,
          null,
          0,
          0,
          0,
          0,
          0,
          0,
          0,
          0,
          0,
          0,
          0,
          null,
          null,
          0,
          0,
          null,
          0,
          0,
          0,
          0,
          0,
          null,
          0,
          null,
          0,
          0,
          0,
          null,
          null,
          0,
          0,
          0,
          0
        ],
        "branches": {
        }
      },
      "/home/igor/Documentos/UFF/STI/Projeto_Final_Real_Real/Projeto_Final_Real_Real/app/controllers/users_controller.rb": {
        "lines": [
          0,
          0,
          null,
          null,
          0,
          0,
          0,
          null,
          null,
          0,
          0,
          null,
          null,
          0,
          0,
          0,
          null,
          null,
          0,
          0,
          null,
          null,
          0,
          0,
          null,
          0,
          0,
          0,
          0,
          0,
          0,
          0,
          0,
          0,
          0,
          null,
          null,
          0,
          0,
          0,
          0,
          0,
          0,
          0,
          0,
          0,
          0,
          0,
          null,
          null,
          0,
          0,
          null,
          0,
          0,
          0,
          0,
          0,
          null,
          0,
          null,
          0,
          0,
          0,
          null,
          null,
          0,
          0,
          0,
          0
        ],
        "branches": {
        }
      },
      "/home/igor/Documentos/UFF/STI/Projeto_Final_Real_Real/Projeto_Final_Real_Real/app/controllers/application_controller.rb": {
        "lines": [
          0,
          0
        ],
        "branches": {
        }
      },
      "/home/igor/Documentos/UFF/STI/Projeto_Final_Real_Real/Projeto_Final_Real_Real/app/controllers/campus_controller.rb": {
        "lines": [
          0,
          0,
          null,
          null,
          0,
          0,
          0,
          null,
          null,
          0,
          0,
          null,
          null,
          0,
          0,
          0,
          null,
          null,
          0,
          0,
          null,
          null,
          0,
          0,
          null,
          0,
          0,
          0,
          0,
          0,
          0,
          0,
          0,
          0,
          0,
          null,
          null,
          0,
          0,
          0,
          0,
          0,
          0,
          0,
          0,
          0,
          0,
          0,
          null,
          null,
          0,
          0,
          null,
          0,
          0,
          0,
          0,
          0,
          null,
          0,
          null,
          0,
          0,
          0,
          null,
          null,
          0,
          0,
          0,
          0
        ],
        "branches": {
        }
      },
      "/home/igor/Documentos/UFF/STI/Projeto_Final_Real_Real/Projeto_Final_Real_Real/app/controllers/welcome_controller.rb": {
        "lines": [
          0,
          0
        ],
        "branches": {
        }
      },
      "/home/igor/Documentos/UFF/STI/Projeto_Final_Real_Real/Projeto_Final_Real_Real/app/jobs/application_job.rb": {
        "lines": [
          0,
          null,
          null,
          null,
          null,
          null,
          0
        ],
        "branches": {
        }
      }
    },
    "timestamp": 1651608478
  }
}
